make all --print-data-base --no-builtin-variables --no-builtin-rules --question
# GNU Make 3.81
# Copyright (C) 2006  Free Software Foundation, Inc.
# This is free software; see the source for copying conditions.
# There is NO warranty; not even for MERCHANTABILITY or FITNESS FOR A
# PARTICULAR PURPOSE.

# This program built for i386-apple-darwin11.3.0

# Make data base, printed on Wed Aug 10 15:42:16 2022

# Variables

# automatic
<D = $(patsubst %/,%,$(dir $<))
# automatic
?F = $(notdir $?)
# environment
ELECTRON_NO_ATTACH_CONSOLE = 1
# environment
NVM_INC = /Users/nathancohen/.nvm/versions/node/v16.0.0/include/node
# automatic
?D = $(patsubst %/,%,$(dir $?))
# automatic
@D = $(patsubst %/,%,$(dir $@))
# automatic
@F = $(notdir $@)
# makefile
CURDIR := /Users/nathancohen/CohenWorkspace/rocket-project-js/java
# makefile
SHELL = /bin/sh
# environment
VSCODE_NLS_CONFIG = {"locale":"en-us","availableLanguages":{},"_languagePackSupport":true}
# environment
_ = /usr/bin/make
# environment
CFLAGS = -I/usr/local/opt/openssl/include
# makefile (from `Makefile', line 1)
MAKEFILE_LIST :=  Makefile
# environment
__CFBundleIdentifier = com.microsoft.VSCode
# environment
VSCODE_CWD = /Users/nathancohen/CohenWorkspace/rocket-project-js/java
# environment
PATH = /Users/nathancohen/.pyenv/plugins/pyenv-virtualenv/shims:/Users/nathancohen/.pyenv/shims:/Users/nathancohen/.pyenv/bin:/usr/local/sbin:/Users/nathancohen/.nvm/versions/node/v16.0.0/bin:/usr/local/opt/python@3.9/bin:/Users/nathancohen/.cargo/bin:/usr/local/share/npm/bin:/usr/local/bin:/usr/bin:/bin:/usr/sbin:/sbin:/Library/TeX/texbin:/Library/Apple/usr/bin:/Users/nathancohen/.cargo/bin:/Users/nathancohen/CohenWorkspace/scripts:/Users/nathancohen/.rvm/bin:/Users/nathancohen/Library/Application Support/Coursier/bin
# environment
LSCOLORS = Gxfxcxdxbxegedabagacad
# makefile (from `Makefile', line 1)
JC = javac
# environment
NVM_BIN = /Users/nathancohen/.nvm/versions/node/v16.0.0/bin
# environment
LaunchInstanceID = 7B021AEB-A474-4C7D-91DE-F37AC6C9D7E7
# environment
ELECTRON_RUN_AS_NODE = 1
# environment
LDFLAGS = -L/usr/local/opt/openssl/lib
# default
.FEATURES := target-specific order-only second-expansion else-if archives jobserver check-symlink
# environment
SSH_AUTH_SOCK = /private/tmp/com.apple.launchd.m7SMr4RJ3t/Listeners
# makefile (from `Makefile', line 4)
SRCDIR = src
# automatic
%F = $(notdir $%)
# environment
PWD = /Users/nathancohen/CohenWorkspace/rocket-project-js/java
# environment
ORIGINAL_XDG_CURRENT_DESKTOP = undefined
# environment
VSCODE_AMD_ENTRYPOINT = vs/workbench/api/node/extensionHostProcess
# environment
HOME = /Users/nathancohen
# makefile (from `Makefile', line 3)
OUTDIR = out
# default
MAKEFILEPATH = $(shell /usr/bin/xcode-select -print-path 2>/dev/null || echo /Developer)/Makefiles
# environment
VSCODE_CLI = 1
# environment
VSCODE_CODE_CACHE_PATH = /Users/nathancohen/Library/Application Support/Code/CachedData/3b889b090b5ad5793f524b5d1d39fda662b96a2a
# environment
LOGNAME = nathancohen
# environment
APPLICATION_INSIGHTS_NO_DIAGNOSTIC_CHANNEL = 1
# environment
NVM_CD_FLAGS = -q
# environment
ZSH = /Users/nathancohen/.oh-my-zsh
# environment
VSCODE_HANDLES_UNCAUGHT_ERRORS = true
# automatic
^D = $(patsubst %/,%,$(dir $^))
# environment
XPC_FLAGS = 0x0
# default
MAKE = $(MAKE_COMMAND)
# default
MAKECMDGOALS := all
# environment
SHLVL = 3
# default
MAKE_VERSION := 3.81
# environment
USER = nathancohen
# makefile
.DEFAULT_GOAL := default
# environment
TERM_SESSION_ID = 56A6207F-4E79-4833-8C10-9870F5BEAD2A
# environment
LESS = -R
# automatic
%D = $(patsubst %/,%,$(dir $%))
# default
MAKE_COMMAND := /Library/Developer/CommandLineTools/usr/bin/make
# environment
TERM_PROGRAM = Apple_Terminal
# default
.VARIABLES := 
# environment
TMPDIR = /var/folders/d5/24l8vd1j1ns5h3kw00mwq5gw0000gn/T/
# automatic
*F = $(notdir $*)
# environment
VSCODE_IPC_HOOK = /Users/nathancohen/Library/Application Support/Code/1.69.2-main.sock
# environment
MallocNanoZone = 0
# makefile
MAKEFLAGS = Rrqp
# environment
MFLAGS = -Rrqp
# automatic
*D = $(patsubst %/,%,$(dir $*))
# environment
TERM_PROGRAM_VERSION = 445
# environment
NVM_DIR = /Users/nathancohen/.nvm
# environment
XPC_SERVICE_NAME = application.com.microsoft.VSCode.32865926.32865932.8FAA2956-1ACF-4A0A-9E40-76EB00203DC7
# automatic
+D = $(patsubst %/,%,$(dir $+))
# automatic
+F = $(notdir $+)
# environment
__CF_USER_TEXT_ENCODING = 0x1F5:0x0:0x0
# environment
COMMAND_MODE = unix2003
# default
MAKEFILES := 
# automatic
<F = $(notdir $<)
# environment
PAGER = less
# environment
LC_ALL = C
# environment
SECURITYSESSIONID = 186bf
# automatic
^F = $(notdir $^)
# default
SUFFIXES := 
# makefile (from `Makefile', line 2)
FLAGS = -d
# environment
PYENV_VIRTUALENV_INIT = 1
# default
.INCLUDE_DIRS = /usr/local/include
# environment
MAKELEVEL := 0
# environment
LANG = C
# environment
TERM = xterm-256color
# environment
VSCODE_PID = 32042
# variable set hash-table stats:
# Load=81/1024=8%, Rehash=0, Collisions=2/105=2%

# Pattern-specific Variable Values

# No pattern-specific variable values.

# Directories

# . (device 16777221, inode 34158515): 6 files, no impossibilities.

# 6 files, no impossibilities in 1 directories.

# Implicit Rules

%.java:

%.class: %.java
#  commands to execute (from `Makefile', line 7):
	$(JC) $(FLAGS) $(OUTDIR) $(SRCDIR)/Rocket.java $(SRCDIR)/SimpleAnimation.java
	

%.class:

# 3 implicit rules, 0 (0.0%) terminal.

# Files

# Not a target:
all:
#  Command-line target.
#  Implicit rule search has been done.
#  File does not exist.
#  File has not been updated.
# variable set hash-table stats:
# Load=0/32=0%, Rehash=0, Collisions=0/0=0%

.SUFFIXES: .java .class
#  Implicit rule search has not been done.
#  Modification time never checked.
#  File has not been updated.

# Not a target:
Makefile:
#  Implicit rule search has been done.
#  Last modified 2022-08-10 15:41:43
#  File has been updated.
#  Successfully updated.
# variable set hash-table stats:
# Load=0/32=0%, Rehash=0, Collisions=0/0=0%

# Not a target:
.class:
#  Implicit rule search has not been done.
#  Modification time never checked.
#  File has not been updated.

default: .java.class
#  Implicit rule search has not been done.
#  Modification time never checked.
#  File has not been updated.

# Not a target:
.DEFAULT:
#  Implicit rule search has not been done.
#  Modification time never checked.
#  File has not been updated.

# Not a target:
.java:
#  Implicit rule search has not been done.
#  Modification time never checked.
#  File has not been updated.

clean:
#  Implicit rule search has not been done.
#  Modification time never checked.
#  File has not been updated.
#  commands to execute (from `Makefile', line 12):
	@ $(RM) *.class
	

.java.class:
#  Implicit rule search has not been done.
#  Modification time never checked.
#  File has not been updated.
#  commands to execute (from `Makefile', line 7):
	$(JC) $(FLAGS) $(OUTDIR) $(SRCDIR)/Rocket.java $(SRCDIR)/SimpleAnimation.java
	

# files hash-table stats:
# Load=9/1024=1%, Rehash=0, Collisions=0/27=0%
# VPATH Search Paths

# No `vpath' search paths.

# No general (`VPATH' variable) search path.

# # of strings in strcache: 1
# # of strcache buffers: 1
# strcache size: total = 4096 / max = 4096 / min = 4096 / avg = 4096
# strcache free: total = 4087 / max = 4087 / min = 4087 / avg = 4087

# Finished Make data base on Wed Aug 10 15:42:16 2022

 
make: *** No rule to make target `all'.  Stop.

